Datenträger in Laufwerk C: ist C_Win7
 Volumeseriennummer: DC2C-BE8E

 Verzeichnis von C:\Users\andreas

24.12.2013  20:49    <DIR>          .
24.12.2013  20:49    <DIR>          ..
14.12.2013  13:47         1.411.244  Rythm.wav
09.09.2013  20:10    <DIR>          .android
16.12.2012  13:11                 5 .bash_history
11.07.2012  20:43    <DIR>          .eclipse
23.05.2012  13:36                57 .gitconfig
16.12.2013  23:31    <DIR>          .hydrogen
13.10.2011  21:23    <DIR>          .jskat
24.10.2013  21:07             1.978 .lmmsrc.xml
22.02.2012  23:22    <DIR>          .nbi
04.10.2012  21:55               895 .recently-used.xbel
01.07.2012  20:57    <DIR>          .ssh
25.05.2013  14:44    <DIR>          .thumbnails
04.10.2012  21:54    <DIR>          .viking
26.07.2012  08:58    <DIR>          .VirtualBox
16.12.2013  23:35             4.455 20131214-01.aup
14.12.2013  14:49    <DIR>          20131214-01_data
14.12.2013  14:49            55.486 20131214-02.aup
14.12.2013  14:49    <DIR>          20131214-02_data
21.12.2013  12:17            27.104 20131221.aup
21.12.2013  12:17    <DIR>          20131221_data
03.09.2012  19:46            43.381 asdfg[1].jpg
                                 26 asdfg[1].jpg:Zone.Identifier:$DATA
13.09.2013  21:24    <DIR>          Contacts
16.12.2013  19:36    <DIR>          Desktop
24.12.2013  20:49                 0 dir_r.out
11.11.2013  14:04    <DIR>          Documents
16.12.2013  19:31    <DIR>          Downloads
24.10.2013  06:43            34.045 drei viertel.h2song
14.06.2013  12:33           352.844 dummundblöd.wav
11.05.2013  18:41    <DIR>          dwhelper
03.04.2013  11:25    <DIR>          EasternGraphics
27.01.2013  19:19         2.782.740 Ein Referat von Laura Demurtas und Zoe Vogel am 28 (2).docx
                                 26 Ein Referat von Laura Demurtas und Zoe Vogel am 28 (2).docx:Zone.Identifier:$DATA
13.09.2013  21:24    <DIR>          Favorites
07.08.2002  17:38           610.304 HotKey.Exe
13.09.2013  21:24    <DIR>          Links
24.10.2013  06:45    <DIR>          lmms
03.04.2013  14:12    <DIR>          Local Settings
09.03.2013  15:06         1.317.414 mensch ärgere dich nicht - mit kante.bmp
09.03.2013  15:17           119.973 mensch ärgere dich nicht - mit kante.graphml
09.03.2013  16:04           188.004 mensch ärgere dich nicht - mit kante.svg
09.03.2013  16:24         6.337.944 mensch ärgere dich nicht - mit kante.xcf
09.03.2013  11:52            75.702 mensch ärgere dich nicht.graphml
16.10.2013  22:39    <DIR>          Music
27.01.2013  19:23    <DIR>          Neuer Ordner
25.05.2012  09:41         7.056.044 neuer.wav
13.09.2013  21:24    <DIR>          Pictures
30.10.2013  00:37            55.197 Roots Rythm.h2song
16.12.2013  23:33            54.098 rythm drei viertel.aup
16.12.2013  19:24         1.058.444 rythm drei viertel.wav
16.12.2013  23:33    <DIR>          rythm drei viertel_data
13.09.2013  21:24    <DIR>          Saved Games
13.09.2013  21:24    <DIR>          Searches
13.09.2013  15:05         2.822.444 slowtz.wav
21.03.2013  11:08             4.722 test.aup
21.03.2013  11:08    <DIR>          test_data
14.02.2013  09:47           352.844 Untitled Song.wav
13.09.2013  21:24    <DIR>          Videos
04.10.2012  21:55    <DIR>          VIKING-MAPS
13.09.2013  21:24    <DIR>          Virtual Machines
22.01.2012  17:37    <DIR>          VirtualBox VMs
05.07.2013  20:42    <DIR>          workspace
              26 Datei(en),     24.767.368 Bytes
              36 Verzeichnis(se),    540.114.944 Bytes frei
